0 info it worked if it ends with ok
1 verbose cli [ 'node',
1 verbose cli   '/usr/local/bin/npm',
1 verbose cli   '--disturl=http://search.npm.taobao.net/dist',
1 verbose cli   '--userconfig=/Users/jiadongkai/.tnpmrc',
1 verbose cli   '--cache=/Users/jiadongkai/.npm/.cache/tnpm',
1 verbose cli   '--registry=http://registry.npm.taobao.net',
1 verbose cli   'install' ]
2 info using npm@1.4.3
3 info using node@v0.10.26
4 error install Couldn't read dependencies
5 error package.json ENOENT, open '/Users/jiadongkai/Documents/workspace/git/defworld-ruhoh/package.json'
5 error package.json This is most likely not a problem with npm itself.
5 error package.json npm can't find a package.json file in your current directory.
6 error System Darwin 13.2.0
7 error command "node" "/usr/local/bin/npm" "--disturl=http://search.npm.taobao.net/dist" "--userconfig=/Users/jiadongkai/.tnpmrc" "--cache=/Users/jiadongkai/.npm/.cache/tnpm" "--registry=http://registry.npm.taobao.net" "install"
8 error cwd /Users/jiadongkai/Documents/workspace/git/defworld-ruhoh
9 error node -v v0.10.26
10 error npm -v 1.4.3
11 error path /Users/jiadongkai/Documents/workspace/git/defworld-ruhoh/package.json
12 error code ENOPACKAGEJSON
13 error errno 34
14 verbose exit [ 34, true ]
